2024-10-30 10:32:42,824 - INFO - Saved history for add with args ['2', '2'] and result 4.0
2024-10-30 10:32:42,825 - INFO - Performed add on ['2', '2']: Result = 4.0
2024-10-30 10:32:59,204 - WARNING - Unknown command entered: substract
2024-10-30 10:33:08,167 - INFO - Saved history for subtract with args ['5', '2'] and result 3.0
2024-10-30 10:33:08,167 - INFO - Performed subtract on ['5', '2']: Result = 3.0
2024-10-30 10:33:15,491 - INFO - Saved history for multiply with args ['2', '2'] and result 4.0
2024-10-30 10:33:15,492 - INFO - Performed multiply on ['2', '2']: Result = 4.0
2024-10-30 10:33:26,535 - INFO - Displayed calculation history.
2024-10-30 10:33:34,536 - INFO - Saved history for divide with args ['10', '5'] and result 2.0
2024-10-30 10:33:34,538 - INFO - Performed divide on ['10', '5']: Result = 2.0
2024-10-30 10:33:44,489 - INFO - Displayed list of plugins.
2024-10-30 10:33:51,246 - INFO - Exiting the calculator.
2024-10-30 10:50:22,454 - INFO - Performed add on ['3', '3']: Result = 6.0
2024-10-30 10:50:25,134 - INFO - Exiting the calculator.
2024-10-30 20:55:37,479 - INFO - Performed add on ['2', '2']: Result = 4.0
2024-10-30 20:55:53,145 - INFO - Performed multiply on ['2', '2']: Result = 4.0
2024-10-30 20:56:04,324 - ERROR - Error performing divide on ['5', '0']: Cannot divide by zero
2024-10-30 20:56:10,775 - WARNING - Unknown command entered: power
2024-10-30 21:00:26,332 - WARNING - Invalid command format entered.
2024-10-30 21:00:32,432 - WARNING - Invalid command format entered.
2024-10-30 21:00:35,058 - INFO - Performed add on ['2', '2']: Result = 4.0
2024-10-30 21:00:41,432 - INFO - Performed divide on ['5', '2']: Result = 2.5
2024-10-30 21:00:46,737 - ERROR - Error performing divide on ['5', '0']: Cannot divide by zero
2024-10-30 21:00:55,268 - INFO - Exiting the calculator.
2024-10-30 21:03:21,696 - INFO - Displayed menu of commands.
2024-10-30 21:03:32,868 - INFO - Performed add on ['2', '2']: Result = 4.0
2024-10-30 21:03:36,683 - ERROR - Error performing divide on ['5', '0']: Cannot divide by zero
2024-10-30 21:03:45,208 - INFO - Performed subtract on ['5', '5']: Result = 0.0
2024-10-30 21:03:47,909 - INFO - Exiting the calculator.
2024-10-30 21:54:18,923 - INFO - Performed add on ['2', '2']: Result = 4.0
2024-10-30 21:54:33,815 - INFO - Performed subtract on ['5', '10']: Result = -5.0
2024-10-30 21:54:40,712 - INFO - Performed divide on ['10', '5']: Result = 2.0
2024-10-30 21:54:53,598 - INFO - Performed multiply on ['2', '2']: Result = 4.0
2024-10-30 21:55:00,494 - INFO - Performed multiply on ['18', '2']: Result = 36.0
2024-10-30 21:55:08,948 - INFO - Performed add on ['2', '15']: Result = 17.0
2024-10-30 21:55:28,936 - INFO - Performed add on ['2', '2']: Result = 4.0
2024-10-30 21:55:32,493 - INFO - Exiting the calculator.
